build/app/intermediates/manifest_merge_blame_file/release/manifest-merger-blame-release-report.txt
1<?xml version="1.0" encoding="utf-8"?>
2<manifest xmlns:android="http://schemas.android.com/apk/res/android"
3    package="com.keshavsapplication.app"
4    android:versionCode="1"
5    android:versionName="1.0.0" >
6
7    <uses-sdk
8        android:minSdkVersion="21"
8-->src\main\AndroidManifest.xml
9        android:targetSdkVersion="33" />
9-->src\main\AndroidManifest.xml
10    <!--
11         io.flutter.app.FlutterApplication is an android.app.Application that
12         calls FlutterMain.startInitialization(this); in its onCreate method.
13         In most cases you can leave this as-is, but you if you want to provide
14         additional functionality it is fine to subclass or reimplement
15         FlutterApplication and put your custom class here.
16    -->
17
18    <uses-permission android:name="android.permission.INTERNET" />
18-->src\main\AndroidManifest.xml:9:5-66
18-->src\main\AndroidManifest.xml:9:22-64
19    <uses-permission android:name="android.permission.ACCESS_NETWORK_STATE" />
19-->[:connectivity_plus] AndroidManifest.xml:9:5-79
19-->[:connectivity_plus] AndroidManifest.xml:9:22-76
20
21    <queries>
21-->[com.razorpay:checkout:1.6.31] AndroidManifest.xml:10:5-39:15
22        <intent>
22-->[com.razorpay:checkout:1.6.31] AndroidManifest.xml:11:9-17:18
23            <action android:name="android.intent.action.VIEW" />
23-->[com.razorpay:checkout:1.6.31] AndroidManifest.xml:12:13-65
23-->[com.razorpay:checkout:1.6.31] AndroidManifest.xml:12:21-62
24
25            <data
25-->[com.razorpay:checkout:1.6.31] AndroidManifest.xml:14:13-16:38
26                android:mimeType="*/*"
26-->[com.razorpay:checkout:1.6.31] AndroidManifest.xml:15:17-39
27                android:scheme="*" />
27-->[com.razorpay:checkout:1.6.31] AndroidManifest.xml:16:17-35
28        </intent>
29        <intent>
29-->[com.razorpay:checkout:1.6.31] AndroidManifest.xml:18:9-27:18
30            <action android:name="android.intent.action.VIEW" />
30-->[com.razorpay:checkout:1.6.31] AndroidManifest.xml:12:13-65
30-->[com.razorpay:checkout:1.6.31] AndroidManifest.xml:12:21-62
31
32            <category android:name="android.intent.category.BROWSABLE" />
32-->[com.razorpay:checkout:1.6.31] AndroidManifest.xml:21:13-74
32-->[com.razorpay:checkout:1.6.31] AndroidManifest.xml:21:23-71
33
34            <data
34-->[com.razorpay:checkout:1.6.31] AndroidManifest.xml:14:13-16:38
35                android:host="pay"
36                android:mimeType="*/*"
36-->[com.razorpay:checkout:1.6.31] AndroidManifest.xml:15:17-39
37                android:scheme="upi" />
37-->[com.razorpay:checkout:1.6.31] AndroidManifest.xml:16:17-35
38        </intent>
39        <intent>
39-->[com.razorpay:checkout:1.6.31] AndroidManifest.xml:28:9-30:18
40            <action android:name="android.intent.action.MAIN" />
40-->src\main\AndroidManifest.xml:37:17-68
40-->src\main\AndroidManifest.xml:37:25-66
41        </intent>
42        <intent>
42-->[com.razorpay:checkout:1.6.31] AndroidManifest.xml:31:9-35:18
43            <action android:name="android.intent.action.SEND" />
43-->[com.razorpay:checkout:1.6.31] AndroidManifest.xml:32:13-65
43-->[com.razorpay:checkout:1.6.31] AndroidManifest.xml:32:21-62
44
45            <data android:mimeType="*/*" />
45-->[com.razorpay:checkout:1.6.31] AndroidManifest.xml:14:13-16:38
45-->[com.razorpay:checkout:1.6.31] AndroidManifest.xml:15:17-39
46        </intent>
47        <intent>
47-->[com.razorpay:checkout:1.6.31] AndroidManifest.xml:36:9-38:18
48            <action android:name="rzp.device_token.share" />
48-->[com.razorpay:checkout:1.6.31] AndroidManifest.xml:37:13-61
48-->[com.razorpay:checkout:1.6.31] AndroidManifest.xml:37:21-58
49        </intent>
50        <!-- Specific apps you interact with, eg: -->
51        <package android:name="com.paytm.pgsdk.TransactionManager.PAYTM_APP_PACKAGE" />
51-->[com.paytm.appinvokesdk:appinvokesdk:1.6.13] AndroidManifest.xml:12:9-88
51-->[com.paytm.appinvokesdk:appinvokesdk:1.6.13] AndroidManifest.xml:12:18-85
52    </queries>
53
54    <uses-permission android:name="android.permission.READ_PHONE_STATE" />
54-->[com.paytm.easypay:easypay-appinvoke:1.7.4] AndroidManifest.xml:10:5-75
54-->[com.paytm.easypay:easypay-appinvoke:1.7.4] AndroidManifest.xml:10:22-72
55    <uses-permission android:name="android.permission.WAKE_LOCK" />
55-->[com.paytm.easypay:easypay-appinvoke:1.7.4] AndroidManifest.xml:11:5-68
55-->[com.paytm.easypay:easypay-appinvoke:1.7.4] AndroidManifest.xml:11:22-65
56
57    <uses-feature
57-->[com.google.android.gms:play-services-maps:17.0.0] AndroidManifest.xml:26:5-28:35
58        android:glEsVersion="0x00020000"
58-->[com.google.android.gms:play-services-maps:17.0.0] AndroidManifest.xml:27:9-41
59        android:required="true" />
59-->[com.google.android.gms:play-services-maps:17.0.0] AndroidManifest.xml:28:9-32
60
61    <application
61-->src\main\AndroidManifest.xml:12:5-46:19
62        android:appComponentFactory="androidx.core.app.CoreComponentFactory"
62-->[androidx.core:core:1.6.0] AndroidManifest.xml:24:18-86
63        android:icon="@mipmap/ic_launcher"
63-->src\main\AndroidManifest.xml:14:9-43
64        android:label="FabFurni" >
64-->src\main\AndroidManifest.xml:13:9-33
65        <activity
65-->src\main\AndroidManifest.xml:15:9-40:20
66            android:name="com.keshavsapplication.app.MainActivity"
66-->src\main\AndroidManifest.xml:16:13-41
67            android:configChanges="orientation|keyboardHidden|keyboard|screenSize|smallestScreenSize|locale|layoutDirection|fontScale|screenLayout|density|uiMode"
67-->src\main\AndroidManifest.xml:19:13-163
68            android:exported="true"
68-->src\main\AndroidManifest.xml:22:13-36
69            android:hardwareAccelerated="true"
69-->src\main\AndroidManifest.xml:20:13-47
70            android:launchMode="singleTop"
70-->src\main\AndroidManifest.xml:17:13-43
71            android:theme="@style/LaunchTheme"
71-->src\main\AndroidManifest.xml:18:13-47
72            android:windowSoftInputMode="adjustResize" >
72-->src\main\AndroidManifest.xml:21:13-55
73
74            <!--
75                 Specifies an Android theme to apply to this Activity as soon as
76                 the Android process has started. This theme is visible to the user
77                 while the Flutter UI initializes. After that, this theme continues
78                 to determine the Window background behind the Flutter UI.
79            -->
80            <meta-data
80-->src\main\AndroidManifest.xml:27:13-30:17
81                android:name="io.flutter.embedding.android.NormalTheme"
81-->src\main\AndroidManifest.xml:28:15-70
82                android:resource="@style/NormalTheme" />
82-->src\main\AndroidManifest.xml:29:15-52
83            <!--
84                 Displays an Android View that continues showing the launch screen
85                 Drawable until Flutter paints its first frame, then this splash
86                 screen fades out. A splash screen is useful to avoid any visual
87                 gap between the end of Android's launch screen and the painting of
88                 Flutter's first frame.
89            -->
90            <intent-filter>
90-->src\main\AndroidManifest.xml:36:13-39:29
91                <action android:name="android.intent.action.MAIN" />
91-->src\main\AndroidManifest.xml:37:17-68
91-->src\main\AndroidManifest.xml:37:25-66
92
93                <category android:name="android.intent.category.LAUNCHER" />
93-->src\main\AndroidManifest.xml:38:17-76
93-->src\main\AndroidManifest.xml:38:27-74
94            </intent-filter>
95        </activity>
96        <!--
97             Don't delete the meta-data below.
98             This is used by the Flutter tool to generate GeneratedPluginRegistrant.java
99        -->
100        <meta-data
100-->src\main\AndroidManifest.xml:43:9-45:33
101            android:name="flutterEmbedding"
101-->src\main\AndroidManifest.xml:44:13-44
102            android:value="2" />
102-->src\main\AndroidManifest.xml:45:13-30
103
104        <activity
104-->[:url_launcher_android] AndroidManifest.xml:10:9-13:74
105            android:name="io.flutter.plugins.urllauncher.WebViewActivity"
105-->[:url_launcher_android] AndroidManifest.xml:11:13-74
106            android:exported="false"
106-->[:url_launcher_android] AndroidManifest.xml:12:13-37
107            android:theme="@android:style/Theme.NoTitleBar.Fullscreen" />
107-->[:url_launcher_android] AndroidManifest.xml:13:13-71
108
109        <receiver
109-->[com.razorpay:checkout:1.6.31] AndroidManifest.xml:42:9-49:20
110            android:name="com.razorpay.RzpTokenReceiver"
110-->[com.razorpay:checkout:1.6.31] AndroidManifest.xml:43:13-57
111            android:exported="true" >
111-->[com.razorpay:checkout:1.6.31] AndroidManifest.xml:44:13-36
112            <intent-filter>
112-->[com.razorpay:checkout:1.6.31] AndroidManifest.xml:46:13-48:29
113                <action android:name="rzp.device_token.share" />
113-->[com.razorpay:checkout:1.6.31] AndroidManifest.xml:37:13-61
113-->[com.razorpay:checkout:1.6.31] AndroidManifest.xml:37:21-58
114            </intent-filter>
115        </receiver>
116
117        <activity
117-->[com.razorpay:checkout:1.6.31] AndroidManifest.xml:51:9-59:20
118            android:name="com.razorpay.CheckoutActivity"
118-->[com.razorpay:checkout:1.6.31] AndroidManifest.xml:52:13-57
119            android:configChanges="keyboard|keyboardHidden|orientation|screenSize"
119-->[com.razorpay:checkout:1.6.31] AndroidManifest.xml:53:13-83
120            android:exported="true"
120-->[com.razorpay:checkout:1.6.31] AndroidManifest.xml:54:13-36
121            android:theme="@style/CheckoutTheme" >
121-->[com.razorpay:checkout:1.6.31] AndroidManifest.xml:55:13-49
122            <intent-filter>
122-->[com.razorpay:checkout:1.6.31] AndroidManifest.xml:56:13-58:29
123                <action android:name="android.intent.action.MAIN" />
123-->src\main\AndroidManifest.xml:37:17-68
123-->src\main\AndroidManifest.xml:37:25-66
124            </intent-filter>
125        </activity>
126
127        <meta-data
127-->[com.razorpay:checkout:1.6.31] AndroidManifest.xml:61:9-63:58
128            android:name="com.razorpay.plugin.googlepay_all"
128-->[com.razorpay:checkout:1.6.31] AndroidManifest.xml:62:13-61
129            android:value="com.razorpay.RzpGpayMerged" />
129-->[com.razorpay:checkout:1.6.31] AndroidManifest.xml:63:13-55
130
131        <uses-library
131-->[androidx.window:window:1.0.0-beta04] AndroidManifest.xml:25:9-27:40
132            android:name="androidx.window.extensions"
132-->[androidx.window:window:1.0.0-beta04] AndroidManifest.xml:26:13-54
133            android:required="false" />
133-->[androidx.window:window:1.0.0-beta04] AndroidManifest.xml:27:13-37
134        <uses-library
134-->[androidx.window:window:1.0.0-beta04] AndroidManifest.xml:28:9-30:40
135            android:name="androidx.window.sidecar"
135-->[androidx.window:window:1.0.0-beta04] AndroidManifest.xml:29:13-51
136            android:required="false" />
136-->[androidx.window:window:1.0.0-beta04] AndroidManifest.xml:30:13-37
137
138        <activity
138-->[com.paytm.appinvokesdk:appinvokesdk:1.6.13] AndroidManifest.xml:23:9-26:66
139            android:name="com.paytm.pgsdk.PaytmPGActivity"
139-->[com.paytm.appinvokesdk:appinvokesdk:1.6.13] AndroidManifest.xml:24:13-59
140            android:screenOrientation="portrait"
140-->[com.paytm.appinvokesdk:appinvokesdk:1.6.13] AndroidManifest.xml:25:13-49
141            android:theme="@style/Theme.AppCompat.NoActionBar" />
141-->[com.paytm.appinvokesdk:appinvokesdk:1.6.13] AndroidManifest.xml:26:13-63
142        <activity
142-->[com.paytm.appinvokesdk:appinvokesdk:1.6.13] AndroidManifest.xml:27:9-29:63
143            android:name="com.paytm.pgsdk.AioMatchUserActivity"
143-->[com.paytm.appinvokesdk:appinvokesdk:1.6.13] AndroidManifest.xml:28:13-64
144            android:theme="@style/TransparentActivityTheme" />
144-->[com.paytm.appinvokesdk:appinvokesdk:1.6.13] AndroidManifest.xml:29:13-60
145
146        <service
146-->[com.paytm.appinvokesdk:appinvokesdk:1.6.13] AndroidManifest.xml:31:9-33:40
147            android:name="com.paytm.pgsdk.IntentServicePostNotification"
147-->[com.paytm.appinvokesdk:appinvokesdk:1.6.13] AndroidManifest.xml:32:13-73
148            android:exported="false" />
148-->[com.paytm.appinvokesdk:appinvokesdk:1.6.13] AndroidManifest.xml:33:13-37
149        <service
149-->[com.paytm.appinvokesdk:appinvokesdk:1.6.13] AndroidManifest.xml:34:9-36:40
150            android:name="com.paytm.pgsdk.IntentServicePreNotification"
150-->[com.paytm.appinvokesdk:appinvokesdk:1.6.13] AndroidManifest.xml:35:13-72
151            android:exported="false" />
151-->[com.paytm.appinvokesdk:appinvokesdk:1.6.13] AndroidManifest.xml:36:13-37
152        <service
152-->[com.paytm.easypay:easypay-appinvoke:1.7.4] AndroidManifest.xml:14:9-17:72
153            android:name="easypay.appinvoke.utils.EasyPayConfigDownloader"
153-->[com.paytm.easypay:easypay-appinvoke:1.7.4] AndroidManifest.xml:15:13-75
154            android:exported="false"
154-->[com.paytm.easypay:easypay-appinvoke:1.7.4] AndroidManifest.xml:16:13-37
155            android:permission="android.permission.BIND_JOB_SERVICE" />
155-->[com.paytm.easypay:easypay-appinvoke:1.7.4] AndroidManifest.xml:17:13-69
156        <service
156-->[com.paytm.easypay:easypay-appinvoke:1.7.4] AndroidManifest.xml:18:9-22:72
157            android:name="easypay.appinvoke.utils.AnalyticsService"
157-->[com.paytm.easypay:easypay-appinvoke:1.7.4] AndroidManifest.xml:19:13-68
158            android:enabled="true"
158-->[com.paytm.easypay:easypay-appinvoke:1.7.4] AndroidManifest.xml:20:13-35
159            android:exported="false"
159-->[com.paytm.easypay:easypay-appinvoke:1.7.4] AndroidManifest.xml:21:13-37
160            android:permission="android.permission.BIND_JOB_SERVICE" />
160-->[com.paytm.easypay:easypay-appinvoke:1.7.4] AndroidManifest.xml:22:13-69
161
162        <activity android:name="easypay.appinvoke.AnalyticsManagerInfoDisplayActivity" />
162-->[com.paytm.easypay:easypay-appinvoke:1.7.4] AndroidManifest.xml:24:9-90
162-->[com.paytm.easypay:easypay-appinvoke:1.7.4] AndroidManifest.xml:24:19-87
163        <activity
163-->[com.google.android.gms:play-services-auth:17.0.0] AndroidManifest.xml:23:9-27:75
164            android:name="com.google.android.gms.auth.api.signin.internal.SignInHubActivity"
164-->[com.google.android.gms:play-services-auth:17.0.0] AndroidManifest.xml:24:13-93
165            android:excludeFromRecents="true"
165-->[com.google.android.gms:play-services-auth:17.0.0] AndroidManifest.xml:25:13-46
166            android:exported="false"
166-->[com.google.android.gms:play-services-auth:17.0.0] AndroidManifest.xml:26:13-37
167            android:theme="@android:style/Theme.Translucent.NoTitleBar" />
167-->[com.google.android.gms:play-services-auth:17.0.0] AndroidManifest.xml:27:13-72
168        <!--
169            Service handling Google Sign-In user revocation. For apps that do not integrate with
170            Google Sign-In, this service will never be started.
171        -->
172        <service
172-->[com.google.android.gms:play-services-auth:17.0.0] AndroidManifest.xml:33:9-36:110
173            android:name="com.google.android.gms.auth.api.signin.RevocationBoundService"
173-->[com.google.android.gms:play-services-auth:17.0.0] AndroidManifest.xml:34:13-89
174            android:exported="true"
174-->[com.google.android.gms:play-services-auth:17.0.0] AndroidManifest.xml:35:13-36
175            android:permission="com.google.android.gms.auth.api.signin.permission.REVOCATION_NOTIFICATION" /> <!-- Needs to be explicitly declared on P+ -->
175-->[com.google.android.gms:play-services-auth:17.0.0] AndroidManifest.xml:36:13-107
176        <uses-library
176-->[com.google.android.gms:play-services-maps:17.0.0] AndroidManifest.xml:33:9-35:40
177            android:name="org.apache.http.legacy"
177-->[com.google.android.gms:play-services-maps:17.0.0] AndroidManifest.xml:34:13-50
178            android:required="false" />
178-->[com.google.android.gms:play-services-maps:17.0.0] AndroidManifest.xml:35:13-37
179
180        <activity
180-->[com.google.android.gms:play-services-base:17.5.0] AndroidManifest.xml:23:9-26:75
181            android:name="com.google.android.gms.common.api.GoogleApiActivity"
181-->[com.google.android.gms:play-services-base:17.5.0] AndroidManifest.xml:24:13-79
182            android:exported="false"
182-->[com.google.android.gms:play-services-base:17.5.0] AndroidManifest.xml:25:13-37
183            android:theme="@android:style/Theme.Translucent.NoTitleBar" />
183-->[com.google.android.gms:play-services-base:17.5.0] AndroidManifest.xml:26:13-72
184
185        <meta-data
185-->[com.google.android.gms:play-services-basement:17.6.0] AndroidManifest.xml:23:9-25:69
186            android:name="com.google.android.gms.version"
186-->[com.google.android.gms:play-services-basement:17.6.0] AndroidManifest.xml:24:13-58
187            android:value="@integer/google_play_services_version" />
187-->[com.google.android.gms:play-services-basement:17.6.0] AndroidManifest.xml:25:13-66
188    </application>
189
190</manifest>